[/Users/zeke/.cargo/git/checkouts/reth-36d3ea1d1152b20c/7181677/crates/ethereum/payload/src/lib.rs:416:5] "build payload execution outcome" = "build payload execution outcome"
[/Users/zeke/.cargo/git/checkouts/reth-36d3ea1d1152b20c/7181677/crates/ethereum/payload/src/lib.rs:416:5] &execution_outcome = ExecutionOutcome {
    bundle: BundleState {
        state: {
            0xbcd4042de499d14e55001ccbb24a551f3b954096: BundleAccount {
                info: Some(
                    AccountInfo {
                        balance: 999999999999665443813000,
                        nonce: 1,
                        code_hash: 0xc5d2460186f7233c927e7db2dcc703c0e500b653ca82273b7bfad8045d85a470,
                        code: Some(
                            LegacyAnalyzed(
                                LegacyAnalyzedBytecode {
                                    bytecode: 0x00,
                                    original_len: 0,
                                    jump_table: JumpTable {
                                        map: "00",
                                    },
                                },
                            ),
                        ),
                    },
                ),
                original_info: Some(
                    AccountInfo {
                        balance: 1000000000000000000000000,
                        nonce: 0,
                        code_hash: 0xc5d2460186f7233c927e7db2dcc703c0e500b653ca82273b7bfad8045d85a470,
                        code: None,
                    },
                ),
                storage: {},
                status: InMemoryChange,
            },
            0xf3b71cbf83fa9af97975d1274fd7d0be4d3258af: BundleAccount {
                info: Some(
                    AccountInfo {
                        balance: 21000,
                        nonce: 0,
                        code_hash: 0xc5d2460186f7233c927e7db2dcc703c0e500b653ca82273b7bfad8045d85a470,
                        code: Some(
                            LegacyAnalyzed(
                                LegacyAnalyzedBytecode {
                                    bytecode: 0x00,
                                    original_len: 0,
                                    jump_table: JumpTable {
                                        map: "00",
                                    },
                                },
                            ),
                        ),
                    },
                ),
                original_info: None,
                storage: {},
                status: InMemoryChange,
            },
        },
        contracts: {
            0xc5d2460186f7233c927e7db2dcc703c0e500b653ca82273b7bfad8045d85a470: LegacyAnalyzed(
                LegacyAnalyzedBytecode {
                    bytecode: 0x00,
                    original_len: 0,
                    jump_table: JumpTable {
                        map: "00",
                    },
                },
            ),
        },
        reverts: Reverts(
            [
                [
                    (
                        0xbcd4042de499d14e55001ccbb24a551f3b954096,
                        AccountRevert {
                            account: RevertTo(
                                AccountInfo {
                                    balance: 1000000000000000000000000,
                                    nonce: 0,
                                    code_hash: 0xc5d2460186f7233c927e7db2dcc703c0e500b653ca82273b7bfad8045d85a470,
                                    code: None,
                                },
                            ),
                            storage: {},
                            previous_status: Loaded,
                            wipe_storage: false,
                        },
                    ),
                    (
                        0xf3b71cbf83fa9af97975d1274fd7d0be4d3258af,
                        AccountRevert {
                            account: DeleteIt,
                            storage: {},
                            previous_status: LoadedNotExisting,
                            wipe_storage: false,
                        },
                    ),
                ],
            ],
        ),
        state_size: 2,
        reverts_size: 2,
    },
    receipts: Receipts {
        receipt_vec: [
            [
                Some(
                    Receipt {
                        tx_type: Eip1559,
                        success: true,
                        cumulative_gas_used: 21000,
                        logs: [],
                    },
                ),
            ],
        ],
    },
    first_block: 31,
    requests: [
        Requests(
            [],
        ),
    ],
}
[/Users/zeke/.cargo/git/checkouts/reth-36d3ea1d1152b20c/7181677/crates/ethereum/evm/src/execute.rs:200:13] "execute transactions" = "execute transactions"
[/Users/zeke/.cargo/git/checkouts/reth-36d3ea1d1152b20c/7181677/crates/ethereum/evm/src/execute.rs:200:13] &result_and_state.state = {
    0x02484cb50aac86eae85610d6f4bf026f30f6627d: Account {
        info: AccountInfo {
            balance: 0,
            nonce: 0,
            code_hash: 0xc5d2460186f7233c927e7db2dcc703c0e500b653ca82273b7bfad8045d85a470,
            code: Some(
                LegacyAnalyzed(
                    LegacyAnalyzedBytecode {
                        bytecode: 0x00,
                        original_len: 0,
                        jump_table: JumpTable {
                            map: "00",
                        },
                    },
                ),
            ),
        },
        storage: {},
        status: AccountStatus(
            Touched | LoadedAsNotExisting,
        ),
    },
    0xbcd4042de499d14e55001ccbb24a551f3b954096: Account {
        info: AccountInfo {
            balance: 999999999999665443813000,
            nonce: 1,
            code_hash: 0xc5d2460186f7233c927e7db2dcc703c0e500b653ca82273b7bfad8045d85a470,
            code: None,
        },
        storage: {},
        status: AccountStatus(
            Touched,
        ),
    },
    0xf3b71cbf83fa9af97975d1274fd7d0be4d3258af: Account {
        info: AccountInfo {
            balance: 0,
            nonce: 0,
            code_hash: 0xc5d2460186f7233c927e7db2dcc703c0e500b653ca82273b7bfad8045d85a470,
            code: Some(
                LegacyAnalyzed(
                    LegacyAnalyzedBytecode {
                        bytecode: 0x00,
                        original_len: 0,
                        jump_table: JumpTable {
                            map: "00",
                        },
                    },
                ),
            ),
        },
        storage: {},
        status: AccountStatus(
            Touched | LoadedAsNotExisting,
        ),
    },
}
[/Users/zeke/.cargo/git/checkouts/reth-36d3ea1d1152b20c/7181677/crates/ethereum/evm/src/execute.rs:201:13] "execute transactions gas used" = "execute transactions gas used"
[/Users/zeke/.cargo/git/checkouts/reth-36d3ea1d1152b20c/7181677/crates/ethereum/evm/src/execute.rs:201:13] &result_and_state.result.gas_used() = 21000
[/Users/zeke/.cargo/git/checkouts/reth-36d3ea1d1152b20c/7181677/crates/ethereum/evm/src/execute.rs:202:13] "execute transactions result" = "execute transactions result"
[/Users/zeke/.cargo/git/checkouts/reth-36d3ea1d1152b20c/7181677/crates/ethereum/evm/src/execute.rs:202:13] &result_and_state.result = Success {
    reason: Stop,
    gas_used: 21000,
    gas_refunded: 0,
    logs: [],
    output: Call(
        0x,
    ),
}
[/Users/zeke/.cargo/git/checkouts/reth-36d3ea1d1152b20c/7181677/crates/ethereum/evm/src/execute.rs:210:13] result_and_state == old_result_and_state = true
[/Users/zeke/.cargo/git/checkouts/reth-36d3ea1d1152b20c/7181677/crates/ethereum/evm/src/execute.rs:234:9] &receipts = [
    Receipt {
        tx_type: Eip1559,
        success: true,
        cumulative_gas_used: 21000,
        logs: [],
    },
]
[/Users/zeke/.cargo/git/checkouts/reth-36d3ea1d1152b20c/7181677/crates/ethereum/evm/src/execute.rs:235:9] cumulative_gas_used = 21000
[/Users/zeke/.cargo/git/checkouts/reth-36d3ea1d1152b20c/7181677/crates/engine/tree/src/tree/mod.rs:2340:13] "insert_inner creating hashed_state" = "insert_inner creating hashed_state"
[/Users/zeke/.cargo/git/checkouts/reth-36d3ea1d1152b20c/7181677/crates/engine/tree/src/tree/mod.rs:2340:13] &output.state = BundleState {
    state: {
        0xbcd4042de499d14e55001ccbb24a551f3b954096: BundleAccount {
            info: Some(
                AccountInfo {
                    balance: 999999999999665443813000,
                    nonce: 1,
                    code_hash: 0xc5d2460186f7233c927e7db2dcc703c0e500b653ca82273b7bfad8045d85a470,
                    code: None,
                },
            ),
            original_info: Some(
                AccountInfo {
                    balance: 1000000000000000000000000,
                    nonce: 0,
                    code_hash: 0xc5d2460186f7233c927e7db2dcc703c0e500b653ca82273b7bfad8045d85a470,
                    code: None,
                },
            ),
            storage: {},
            status: InMemoryChange,
        },
    },
    contracts: {},
    reverts: Reverts(
        [
            [
                (
                    0xbcd4042de499d14e55001ccbb24a551f3b954096,
                    AccountRevert {
                        account: RevertTo(
                            AccountInfo {
                                balance: 1000000000000000000000000,
                                nonce: 0,
                                code_hash: 0xc5d2460186f7233c927e7db2dcc703c0e500b653ca82273b7bfad8045d85a470,
                                code: None,
                            },
                        ),
                        storage: {},
                        previous_status: Loaded,
                        wipe_storage: false,
                    },
                ),
            ],
        ],
    ),
    state_size: 1,
    reverts_size: 1,
}
[/Users/zeke/.cargo/git/checkouts/reth-36d3ea1d1152b20c/7181677/crates/engine/tree/src/tree/mod.rs:2341:13] "insert_innercreating hashed_state" = "insert_innercreating hashed_state"
[/Users/zeke/.cargo/git/checkouts/reth-36d3ea1d1152b20c/7181677/crates/engine/tree/src/tree/mod.rs:2341:13] &output.receipts = [
    Receipt {
        tx_type: Eip1559,
        success: true,
        cumulative_gas_used: 21000,
        logs: [],
    },
]
2025-01-09T22:45:02.486640Z  INFO Regular root task finished block=NumHash { number: 31, hash: 0xf1c9088b3785211848c610a4c611e65b4438522b0716a311c43269cef56855e8 } regular_state_root=0xb59d83eefe61228cf4753bc6c7ee43c9fb7362826abaac9f30924617cc821f9c
about to check state root vs given in header
2025-01-09T22:45:02.490115Z  WARN Re-executed state root does not match block state root header_state_root=0x1c73f38915b5af2339d2f86e5fa5c612f4f90f1e73fd55239f94da4f4dd4157b re_executed_root=0xb59d83eefe61228cf4753bc6c7ee43c9fb7362826abaac9f30924617cc821f9c diff_path=../datadir5/invalid_block_hooks/witness/31_0xf1c9088b3785211848c610a4c611e65b4438522b0716a311c43269cef56855e8.header_state_root.diff